<?xml version="1.0" encoding="UTF-8"?>
<!-- Generated by org.testng.reporters.JUnitXMLReporter -->
<testsuite ignored="0" hostname="dat.local" failures="1" tests="1" name="Default test" time="25.404" errors="0" timestamp="2026-02-12T13:49:53 GMT+07:00">
  <testcase classname="Railway.TestBase" name="@AfterMethod afterMethod" time="0.005">
    <failure type="org.openqa.selenium.NoSuchSessionException" message="Tried to run command without establishing a connection
Build info: version: &amp;apos;4.40.0&amp;apos;, revision: &amp;apos;b3333f1&amp;apos;
System info: os.name: &amp;apos;Mac OS X&amp;apos;, os.arch: &amp;apos;aarch64&amp;apos;, os.version: &amp;apos;14.5&amp;apos;, java.version: &amp;apos;25.0.2&amp;apos;
Driver info: org.openqa.selenium.firefox.FirefoxDriver
Command: [d48efcae-c6ca-4a7c-a71d-d4d920eaea45, quit {}]
Capabilities {acceptInsecureCerts: true, browserName: firefox, browserVersion: 147.0.3, moz:accessibilityChecks: false, moz:buildID: 20260203002554, moz:geckodriverVersion: 0.36.0, moz:headless: false, moz:platformVersion: 23.5.0, moz:processID: 25118, moz:profile: /var/folders/9r/35qbwsxs5kj..., moz:shutdownTimeout: 60000, moz:webdriverClick: true, moz:windowless: false, pageLoadStrategy: normal, platformName: mac, proxy: Proxy(), setWindowRect: true, strictFileInteractability: false, timeouts: {implicit: 0, pageLoad: 300000, script: 30000}, unhandledPromptBehavior: dismiss and notify, userAgent: Mozilla/5.0 (Macintosh; Int...}
Session ID: d48efcae-c6ca-4a7c-a71d-d4d920eaea45">
      <![CDATA[org.openqa.selenium.NoSuchSessionException: Tried to run command without establishing a connection
Build info: version: '4.40.0', revision: 'b3333f1'
System info: os.name: 'Mac OS X', os.arch: 'aarch64', os.version: '14.5', java.version: '25.0.2'
Driver info: org.openqa.selenium.firefox.FirefoxDriver
Command: [d48efcae-c6ca-4a7c-a71d-d4d920eaea45, quit {}]
Capabilities {acceptInsecureCerts: true, browserName: firefox, browserVersion: 147.0.3, moz:accessibilityChecks: false, moz:buildID: 20260203002554, moz:geckodriverVersion: 0.36.0, moz:headless: false, moz:platformVersion: 23.5.0, moz:processID: 25118, moz:profile: /var/folders/9r/35qbwsxs5kj..., moz:shutdownTimeout: 60000, moz:webdriverClick: true, moz:windowless: false, pageLoadStrategy: normal, platformName: mac, proxy: Proxy(), setWindowRect: true, strictFileInteractability: false, timeouts: {implicit: 0, pageLoad: 300000, script: 30000}, unhandledPromptBehavior: dismiss and notify, userAgent: Mozilla/5.0 (Macintosh; Int...}
Session ID: d48efcae-c6ca-4a7c-a71d-d4d920eaea45
at org.openqa.selenium.remote.ErrorCodec.decode(ErrorCodec.java:169)
at org.openqa.selenium.remote.codec.w3c.W3CHttpResponseCodec.decode(W3CHttpResponseCodec.java:142)
at org.openqa.selenium.remote.codec.w3c.W3CHttpResponseCodec.decode(W3CHttpResponseCodec.java:49)
at org.openqa.selenium.remote.HttpCommandExecutor.execute(HttpCommandExecutor.java:223)
at org.openqa.selenium.remote.service.DriverCommandExecutor.invokeExecute(DriverCommandExecutor.java:216)
at org.openqa.selenium.remote.service.DriverCommandExecutor.lambda$execute$1(DriverCommandExecutor.java:126)
at java.base/java.util.concurrent.CompletableFuture$AsyncSupply.run(CompletableFuture.java:1789)
at java.base/java.util.concurrent.ThreadPoolExecutor.runWorker(ThreadPoolExecutor.java:1090)
at java.base/java.util.concurrent.ThreadPoolExecutor$Worker.run(ThreadPoolExecutor.java:614)
at java.base/java.lang.Thread.run(Thread.java:1474)
]]>
    </failure>
  </testcase> <!-- @AfterMethod afterMethod -->
  <testcase classname="Railway.BookTicketTest" name="TC12" time="20.433">
    <failure type="org.openqa.selenium.WebDriverException" message="Failed to decode response from marionette
Build info: version: &amp;apos;4.40.0&amp;apos;, revision: &amp;apos;b3333f1&amp;apos;
System info: os.name: &amp;apos;Mac OS X&amp;apos;, os.arch: &amp;apos;aarch64&amp;apos;, os.version: &amp;apos;14.5&amp;apos;, java.version: &amp;apos;25.0.2&amp;apos;
Driver info: org.openqa.selenium.firefox.FirefoxDriver
Command: [d48efcae-c6ca-4a7c-a71d-d4d920eaea45, findElements {value=//tbody[@id=&amp;apos;email_list&amp;apos;]//td[@class=&amp;apos;td3&amp;apos; and contains(normalize-space(),&amp;apos;Please confirm your account mlj3m50q3rf@sharklasers.com&amp;apos;)], using=xpath}]
Capabilities {acceptInsecureCerts: true, browserName: firefox, browserVersion: 147.0.3, moz:accessibilityChecks: false, moz:buildID: 20260203002554, moz:geckodriverVersion: 0.36.0, moz:headless: false, moz:platformVersion: 23.5.0, moz:processID: 25118, moz:profile: /var/folders/9r/35qbwsxs5kj..., moz:shutdownTimeout: 60000, moz:webdriverClick: true, moz:windowless: false, pageLoadStrategy: normal, platformName: mac, proxy: Proxy(), setWindowRect: true, strictFileInteractability: false, timeouts: {implicit: 0, pageLoad: 300000, script: 30000}, unhandledPromptBehavior: dismiss and notify, userAgent: Mozilla/5.0 (Macintosh; Int...}
Session ID: d48efcae-c6ca-4a7c-a71d-d4d920eaea45">
      <![CDATA[org.openqa.selenium.WebDriverException: Failed to decode response from marionette
Build info: version: '4.40.0', revision: 'b3333f1'
System info: os.name: 'Mac OS X', os.arch: 'aarch64', os.version: '14.5', java.version: '25.0.2'
Driver info: org.openqa.selenium.firefox.FirefoxDriver
Command: [d48efcae-c6ca-4a7c-a71d-d4d920eaea45, findElements {value=//tbody[@id='email_list']//td[@class='td3' and contains(normalize-space(),'Please confirm your account mlj3m50q3rf@sharklasers.com')], using=xpath}]
Capabilities {acceptInsecureCerts: true, browserName: firefox, browserVersion: 147.0.3, moz:accessibilityChecks: false, moz:buildID: 20260203002554, moz:geckodriverVersion: 0.36.0, moz:headless: false, moz:platformVersion: 23.5.0, moz:processID: 25118, moz:profile: /var/folders/9r/35qbwsxs5kj..., moz:shutdownTimeout: 60000, moz:webdriverClick: true, moz:windowless: false, pageLoadStrategy: normal, platformName: mac, proxy: Proxy(), setWindowRect: true, strictFileInteractability: false, timeouts: {implicit: 0, pageLoad: 300000, script: 30000}, unhandledPromptBehavior: dismiss and notify, userAgent: Mozilla/5.0 (Macintosh; Int...}
Session ID: d48efcae-c6ca-4a7c-a71d-d4d920eaea45
at org.openqa.selenium.remote.ErrorCodec.decode(ErrorCodec.java:169)
at org.openqa.selenium.remote.codec.w3c.W3CHttpResponseCodec.decode(W3CHttpResponseCodec.java:142)
at org.openqa.selenium.remote.codec.w3c.W3CHttpResponseCodec.decode(W3CHttpResponseCodec.java:49)
at org.openqa.selenium.remote.HttpCommandExecutor.execute(HttpCommandExecutor.java:223)
at org.openqa.selenium.remote.service.DriverCommandExecutor.invokeExecute(DriverCommandExecutor.java:216)
at org.openqa.selenium.remote.service.DriverCommandExecutor.execute(DriverCommandExecutor.java:174)
at org.openqa.selenium.remote.RemoteWebDriver.execute(RemoteWebDriver.java:601)
at org.openqa.selenium.remote.ElementLocation$ElementFinder$2.findElements(ElementLocation.java:183)
at org.openqa.selenium.remote.ElementLocation.findElements(ElementLocation.java:104)
at org.openqa.selenium.remote.RemoteWebDriver.findElements(RemoteWebDriver.java:437)
at org.openqa.selenium.remote.RemoteWebDriver.findElements(RemoteWebDriver.java:431)
at Common.Utilities.getElements(Utilities.java:24)
at Guerrillamail.GuerrillamailPage.isEmailPresent(GuerrillamailPage.java:77)
at Guerrillamail.GuerrillamailPage.lambda$0(GuerrillamailPage.java:87)
at org.openqa.selenium.support.ui.FluentWait.until(FluentWait.java:207)
at Guerrillamail.GuerrillamailPage.WaitUntilMailArrive(GuerrillamailPage.java:86)
at Guerrillamail.GuerrillamailPage.waitForEmail(GuerrillamailPage.java:70)
at Common.EmailService.waitAndHandleEmail(EmailService.java:22)
at Railway.TestBase.registerAndActiveAccount(TestBase.java:68)
at Railway.BookTicketTest.TC12(BookTicketTest.java:23)
at java.base/jdk.internal.reflect.DirectMethodHandleAccessor.invoke(DirectMethodHandleAccessor.java:104)
at java.base/java.lang.reflect.Method.invoke(Method.java:565)
at org.testng.internal.invokers.MethodInvocationHelper.invokeMethod(MethodInvocationHelper.java:141)
at org.testng.internal.invokers.TestInvoker.invokeMethod(TestInvoker.java:687)
at org.testng.internal.invokers.TestInvoker.invokeTestMethod(TestInvoker.java:230)
at org.testng.internal.invokers.MethodRunner.runInSequence(MethodRunner.java:63)
at org.testng.internal.invokers.TestInvoker$MethodInvocationAgent.invoke(TestInvoker.java:995)
at org.testng.internal.invokers.TestInvoker.invokeTestMethods(TestInvoker.java:203)
at org.testng.internal.invokers.TestMethodWorker.invokeTestMethods(TestMethodWorker.java:154)
at org.testng.internal.invokers.TestMethodWorker.run(TestMethodWorker.java:134)
at java.base/java.util.ArrayList.forEach(ArrayList.java:1604)
at org.testng.TestRunner.privateRun(TestRunner.java:741)
at org.testng.TestRunner.run(TestRunner.java:616)
at org.testng.SuiteRunner.runTest(SuiteRunner.java:421)
at org.testng.SuiteRunner.runSequentially(SuiteRunner.java:413)
at org.testng.SuiteRunner.privateRun(SuiteRunner.java:373)
at org.testng.SuiteRunner.run(SuiteRunner.java:312)
at org.testng.SuiteRunnerWorker.runSuite(SuiteRunnerWorker.java:52)
at org.testng.SuiteRunnerWorker.run(SuiteRunnerWorker.java:95)
at org.testng.TestNG.runSuitesSequentially(TestNG.java:1274)
at org.testng.TestNG.runSuitesLocally(TestNG.java:1208)
at org.testng.TestNG.runSuites(TestNG.java:1112)
at org.testng.TestNG.run(TestNG.java:1079)
at org.testng.remote.AbstractRemoteTestNG.run(AbstractRemoteTestNG.java:115)
at org.testng.remote.RemoteTestNG.initAndRun(RemoteTestNG.java:293)
at org.testng.remote.RemoteTestNG.main(RemoteTestNG.java:91)
]]>
    </failure>
  </testcase> <!-- TC12 -->
</testsuite> <!-- Default test -->
