<?xml version="1.0" encoding="UTF-8"?>
<!-- Generated by org.testng.reporters.JUnitXMLReporter -->
<testsuite ignored="3" hostname="dat.local" failures="1" tests="1" name="FirstTest" time="4.45" errors="0" timestamp="2026-02-12T06:05:00 GMT+07:00">
  <testcase classname="Railway.BookTicketTest" name="TC12" time="0.015">
    <failure type="org.openqa.selenium.NoSuchWindowException" message="no such window: target window already closed
from unknown error: web view not found
  (Session info: chrome=144.0.7559.134)
Build info: version: &amp;apos;4.40.0&amp;apos;, revision: &amp;apos;b3333f1&amp;apos;
System info: os.name: &amp;apos;Mac OS X&amp;apos;, os.arch: &amp;apos;aarch64&amp;apos;, os.version: &amp;apos;14.5&amp;apos;, java.version: &amp;apos;25.0.2&amp;apos;
Driver info: org.openqa.selenium.chrome.ChromeDriver
Command: [0e67b9339b18f1159cc82384dc1df9b1, getCurrentWindowHandle {}]
Capabilities {acceptInsecureCerts: false, browserName: chrome, browserVersion: 144.0.7559.134, chrome: {chromedriverVersion: 144.0.7559.133 (7da823b1d59..., userDataDir: /var/folders/9r/35qbwsxs5kj...}, fedcm:accounts: true, goog:chromeOptions: {debuggerAddress: localhost:63375}, goog:processID: 19546, networkConnectionEnabled: false, pageLoadStrategy: normal, platformName: mac, proxy: Proxy(), se:cdp: ws://localhost:63375/devtoo..., se:cdpVersion: 144.0.7559.134, setWindowRect: true, strictFileInteractability: false, timeouts: {implicit: 0, pageLoad: 300000, script: 30000}, unhandledPromptBehavior: dismiss and notify, webauthn:extension:credBlob: true, webauthn:extension:largeBlob: true, webauthn:extension:minPinLength: true, webauthn:extension:prf: true, webauthn:virtualAuthenticators: true}
Session ID: 0e67b9339b18f1159cc82384dc1df9b1">
      <![CDATA[org.openqa.selenium.NoSuchWindowException: no such window: target window already closed
from unknown error: web view not found
  (Session info: chrome=144.0.7559.134)
Build info: version: '4.40.0', revision: 'b3333f1'
System info: os.name: 'Mac OS X', os.arch: 'aarch64', os.version: '14.5', java.version: '25.0.2'
Driver info: org.openqa.selenium.chrome.ChromeDriver
Command: [0e67b9339b18f1159cc82384dc1df9b1, getCurrentWindowHandle {}]
Capabilities {acceptInsecureCerts: false, browserName: chrome, browserVersion: 144.0.7559.134, chrome: {chromedriverVersion: 144.0.7559.133 (7da823b1d59..., userDataDir: /var/folders/9r/35qbwsxs5kj...}, fedcm:accounts: true, goog:chromeOptions: {debuggerAddress: localhost:63375}, goog:processID: 19546, networkConnectionEnabled: false, pageLoadStrategy: normal, platformName: mac, proxy: Proxy(), se:cdp: ws://localhost:63375/devtoo..., se:cdpVersion: 144.0.7559.134, setWindowRect: true, strictFileInteractability: false, timeouts: {implicit: 0, pageLoad: 300000, script: 30000}, unhandledPromptBehavior: dismiss and notify, webauthn:extension:credBlob: true, webauthn:extension:largeBlob: true, webauthn:extension:minPinLength: true, webauthn:extension:prf: true, webauthn:virtualAuthenticators: true}
Session ID: 0e67b9339b18f1159cc82384dc1df9b1
at org.openqa.selenium.remote.ErrorCodec.decode(ErrorCodec.java:169)
at org.openqa.selenium.remote.codec.w3c.W3CHttpResponseCodec.decode(W3CHttpResponseCodec.java:142)
at org.openqa.selenium.remote.codec.w3c.W3CHttpResponseCodec.decode(W3CHttpResponseCodec.java:49)
at org.openqa.selenium.remote.HttpCommandExecutor.execute(HttpCommandExecutor.java:223)
at org.openqa.selenium.remote.service.DriverCommandExecutor.invokeExecute(DriverCommandExecutor.java:216)
at org.openqa.selenium.remote.service.DriverCommandExecutor.execute(DriverCommandExecutor.java:174)
at org.openqa.selenium.remote.RemoteWebDriver.execute(RemoteWebDriver.java:601)
at org.openqa.selenium.remote.RemoteWebDriver.execute(RemoteWebDriver.java:678)
at org.openqa.selenium.remote.RemoteWebDriver.execute(RemoteWebDriver.java:682)
at org.openqa.selenium.remote.RemoteWebDriver.getWindowHandle(RemoteWebDriver.java:524)
at Common.WindowManager.saveCurrentWindow(WindowManager.java:14)
at Railway.TestBase.registerAndActiveAccount(TestBase.java:51)
at Railway.BookTicketTest.TC12(BookTicketTest.java:21)
at java.base/java.util.ArrayList.forEach(ArrayList.java:1604)
... Removed 25 stack frames]]>
    </failure>
  </testcase> <!-- TC12 -->
  <testcase classname="Railway.BookTicketTest" name="TC13" time="0.0">
    <ignored/>
  </testcase> <!-- TC13 -->
  <testcase classname="Railway.BookTicketTest" name="TC14" time="0.0">
    <ignored/>
  </testcase> <!-- TC14 -->
  <testcase classname="Railway.BookTicketTest" name="TC15" time="0.0">
    <ignored/>
  </testcase> <!-- TC15 -->
</testsuite> <!-- FirstTest -->
