<?xml version="1.0" encoding="UTF-8"?>
<!-- Generated by org.testng.reporters.JUnitXMLReporter -->
<testsuite ignored="0" hostname="dat.fpt" failures="8" tests="16" name="FirstTest" time="374.881" errors="0" timestamp="2026-02-20T14:11:19 GMT+07:00">
  <testcase classname="Railway.LoginTest" name="TC01" time="2.687"/>
  <testcase classname="Railway.LoginTest" name="TC02" time="2.184"/>
  <testcase classname="Railway.LoginTest" name="TC03" time="2.042">
    <failure type="java.lang.AssertionError" message="Error message is not displayed as expected expected [There was a problem with your login and/or errors exist in your form.] but found [Invalid username or password. Please try again.]">
      <![CDATA[java.lang.AssertionError: Error message is not displayed as expected expected [There was a problem with your login and/or errors exist in your form.] but found [Invalid username or password. Please try again.]
at Railway.LoginTest.TC03(LoginTest.java:81)
at java.base/java.util.ArrayList.forEach(ArrayList.java:1604)
... Removed 30 stack frames]]>
    </failure>
  </testcase> <!-- TC03 -->
  <testcase classname="Railway.LoginTest" name="TC04" time="2.032">
    <failure type="java.lang.AssertionError" message="Error message is not displayed as expected message 1 expected [Invalid username or password. Please try again] but found [There was a problem with your login and/or errors exist in your form.]">
      <![CDATA[java.lang.AssertionError: Error message is not displayed as expected message 1 expected [Invalid username or password. Please try again] but found [There was a problem with your login and/or errors exist in your form.]
at Railway.LoginTest.TC04(LoginTest.java:111)
at java.base/java.util.ArrayList.forEach(ArrayList.java:1604)
... Removed 30 stack frames]]>
    </failure>
  </testcase> <!-- TC04 -->
  <testcase classname="Railway.LoginTest" name="TC05" time="9.811"/>
  <testcase classname="Railway.LogoutTest" name="TC06" time="4.621"/>
  <testcase classname="Railway.RegisterTest" name="TC07" time="31.979"/>
  <testcase classname="Railway.RegisterTest" name="TC08" time="12.151"/>
  <testcase classname="Railway.RegisterTest" name="TC09" time="8.264">
    <failure type="java.lang.AssertionError" message="Success message did not shown expected [Thank you for registering your account] but found [Create account]">
      <![CDATA[java.lang.AssertionError: Success message did not shown expected [Thank you for registering your account] but found [Create account]
at Railway.RegisterTest.TC09(RegisterTest.java:121)
at java.base/java.util.ArrayList.forEach(ArrayList.java:1604)
... Removed 30 stack frames]]>
    </failure>
  </testcase> <!-- TC09 -->
  <testcase classname="Railway.ResetPasswordTest" name="TC10" time="44.272">
    <failure type="java.lang.AssertionError" message="Message is not displayed as expected expected [The new password cannot be the same with the current password] but found [Password changed! Click here to login.]">
      <![CDATA[java.lang.AssertionError: Message is not displayed as expected expected [The new password cannot be the same with the current password] but found [Password changed! Click here to login.]
at Railway.ResetPasswordTest.TC10(ResetPasswordTest.java:56)
at java.base/java.util.ArrayList.forEach(ArrayList.java:1604)
... Removed 30 stack frames]]>
    </failure>
  </testcase> <!-- TC10 -->
  <testcase classname="Railway.ResetPasswordTest" name="TC11" time="22.681"/>
  <testcase classname="Railway.BookTicketTest" name="TC12" time="29.178">
    <failure type="java.lang.AssertionError" message="Message is not displayed as expected expected [Ticket booked successfully!] but found [Book ticket]">
      <![CDATA[java.lang.AssertionError: Message is not displayed as expected expected [Ticket booked successfully!] but found [Book ticket]
at Railway.BookTicketTest.TC12(BookTicketTest.java:53)
at java.base/java.util.ArrayList.forEach(ArrayList.java:1604)
... Removed 30 stack frames]]>
    </failure>
  </testcase> <!-- TC12 -->
  <testcase classname="Railway.BookTicketTest" name="TC13" time="18.428">
    <failure type="org.openqa.selenium.StaleElementReferenceException" message="stale element reference: stale element not found
  (Session info: chrome=145.0.7632.76)
For documentation on this error, please visit: https://www.selenium.dev/documentation/webdriver/troubleshooting/errors#staleelementreferenceexception
Build info: version: &amp;apos;4.40.0&amp;apos;, revision: &amp;apos;b3333f1&amp;apos;
System info: os.name: &amp;apos;Mac OS X&amp;apos;, os.arch: &amp;apos;aarch64&amp;apos;, os.version: &amp;apos;14.5&amp;apos;, java.version: &amp;apos;25.0.2&amp;apos;
Driver info: org.openqa.selenium.chrome.ChromeDriver
Command: [93651c81cf032666cb97d648b279d92e, clickElement {id=f.C911F500B79CE293D972C2BE86CDBD0A.d.1BC6C984D3E6A5C5B07C0C02C1C5CE90.e.51}]
Capabilities {acceptInsecureCerts: false, browserName: chrome, browserVersion: 145.0.7632.76, chrome: {chromedriverVersion: 145.0.7632.77 (da516187054a..., userDataDir: /var/folders/9r/35qbwsxs5kj...}, fedcm:accounts: true, goog:chromeOptions: {debuggerAddress: localhost:52047}, goog:processID: 68468, networkConnectionEnabled: false, pageLoadStrategy: normal, platformName: mac, proxy: Proxy(), se:cdp: ws://localhost:52047/devtoo..., se:cdpVersion: 145.0.7632.76, setWindowRect: true, strictFileInteractability: false, timeouts: {implicit: 0, pageLoad: 300000, script: 30000}, unhandledPromptBehavior: dismiss and notify, webauthn:extension:credBlob: true, webauthn:extension:largeBlob: true, webauthn:extension:minPinLength: true, webauthn:extension:prf: true, webauthn:virtualAuthenticators: true}
Element: [[ChromeDriver: chrome on mac (93651c81cf032666cb97d648b279d92e)] -&amp;gt; xpath: //div[@id=&amp;apos;menu&amp;apos;]//span[normalize-space()=&amp;apos;Book ticket&amp;apos;]]
Session ID: 93651c81cf032666cb97d648b279d92e">
      <![CDATA[org.openqa.selenium.StaleElementReferenceException: stale element reference: stale element not found
  (Session info: chrome=145.0.7632.76)
For documentation on this error, please visit: https://www.selenium.dev/documentation/webdriver/troubleshooting/errors#staleelementreferenceexception
Build info: version: '4.40.0', revision: 'b3333f1'
System info: os.name: 'Mac OS X', os.arch: 'aarch64', os.version: '14.5', java.version: '25.0.2'
Driver info: org.openqa.selenium.chrome.ChromeDriver
Command: [93651c81cf032666cb97d648b279d92e, clickElement {id=f.C911F500B79CE293D972C2BE86CDBD0A.d.1BC6C984D3E6A5C5B07C0C02C1C5CE90.e.51}]
Capabilities {acceptInsecureCerts: false, browserName: chrome, browserVersion: 145.0.7632.76, chrome: {chromedriverVersion: 145.0.7632.77 (da516187054a..., userDataDir: /var/folders/9r/35qbwsxs5kj...}, fedcm:accounts: true, goog:chromeOptions: {debuggerAddress: localhost:52047}, goog:processID: 68468, networkConnectionEnabled: false, pageLoadStrategy: normal, platformName: mac, proxy: Proxy(), se:cdp: ws://localhost:52047/devtoo..., se:cdpVersion: 145.0.7632.76, setWindowRect: true, strictFileInteractability: false, timeouts: {implicit: 0, pageLoad: 300000, script: 30000}, unhandledPromptBehavior: dismiss and notify, webauthn:extension:credBlob: true, webauthn:extension:largeBlob: true, webauthn:extension:minPinLength: true, webauthn:extension:prf: true, webauthn:virtualAuthenticators: true}
Element: [[ChromeDriver: chrome on mac (93651c81cf032666cb97d648b279d92e)] -> xpath: //div[@id='menu']//span[normalize-space()='Book ticket']]
Session ID: 93651c81cf032666cb97d648b279d92e
at org.openqa.selenium.remote.ErrorCodec.decode(ErrorCodec.java:169)
at org.openqa.selenium.remote.codec.w3c.W3CHttpResponseCodec.decode(W3CHttpResponseCodec.java:142)
at org.openqa.selenium.remote.codec.w3c.W3CHttpResponseCodec.decode(W3CHttpResponseCodec.java:49)
at org.openqa.selenium.remote.HttpCommandExecutor.execute(HttpCommandExecutor.java:223)
at org.openqa.selenium.remote.service.DriverCommandExecutor.invokeExecute(DriverCommandExecutor.java:216)
at org.openqa.selenium.remote.service.DriverCommandExecutor.execute(DriverCommandExecutor.java:174)
at org.openqa.selenium.remote.RemoteWebDriver.execute(RemoteWebDriver.java:601)
at org.openqa.selenium.remote.RemoteWebElement.execute(RemoteWebElement.java:223)
at org.openqa.selenium.remote.RemoteWebElement.click(RemoteWebElement.java:76)
at Common.Utilities.click(Utilities.java:52)
at Railway.GeneralPage.clickTab(GeneralPage.java:15)
at Railway.GeneralPage.gotoPage(GeneralPage.java:35)
at Railway.BookTicketTest.TC13(BookTicketTest.java:101)
at java.base/java.util.ArrayList.forEach(ArrayList.java:1604)
... Removed 25 stack frames]]>
    </failure>
  </testcase> <!-- TC13 -->
  <testcase classname="Railway.BookTicketTest" name="TC14" time="16.94"/>
  <testcase classname="Railway.BookTicketTest" name="TC15" time="18.353">
    <failure type="java.lang.RuntimeException" message="System does not find date: 2/21/2026">
      <![CDATA[java.lang.RuntimeException: System does not find date: 2/21/2026
at Railway.BookTicketPage.selectDepartureDate(BookTicketPage.java:94)
at Railway.BookTicketPage.bookTicket(BookTicketPage.java:149)
at Railway.BookTicketTest.TC15(BookTicketTest.java:223)
at java.base/java.util.ArrayList.forEach(ArrayList.java:1604)
... Removed 25 stack frames]]>
    </failure>
  </testcase> <!-- TC15 -->
  <testcase classname="Railway.CancelBookingTest" name="TC16" time="29.922">
    <failure type="java.lang.AssertionError" message="Ticket is not canceled as expected expected [false] but found [true]">
      <![CDATA[java.lang.AssertionError: Ticket is not canceled as expected expected [false] but found [true]
at Railway.CancelBookingTest.TC16(CancelBookingTest.java:48)
at java.base/java.util.ArrayList.forEach(ArrayList.java:1604)
... Removed 28 stack frames]]>
    </failure>
  </testcase> <!-- TC16 -->
</testsuite> <!-- FirstTest -->
