<!DOCTYPE html PUBLIC "-//W3C//DTD XHTML 1.1//EN" "https://www.w3.org/TR/xhtml11/DTD/xhtml11.dtd">
<html xmlns="https://www.w3.org/1999/xhtml">
<head>
<meta http-equiv="content-type" content="text/html; charset=UTF-8"/>
<title>TestNG Report</title>
<style type="text/css">table {margin-bottom:10px;border-collapse:collapse;empty-cells:show}th,td {border:1px solid #009;padding:.25em .5em}th {vertical-align:bottom}td {vertical-align:top}table a {font-weight:bold}.stripe td {background-color: #E6EBF9}.num {text-align:right}.passedodd td {background-color: #3F3}.passedeven td {background-color: #0A0}.skippedodd td {background-color: #DDD}.skippedeven td {background-color: #CCC}.failedodd td,.attn {background-color: #F33}.failedeven td,.stripe .attn {background-color: #D00}.stacktrace {white-space:pre;font-family:monospace}.totop {font-size:85%;text-align:center;border-bottom:2px solid #000}.invisible {display:none}</style>
</head>
<body>
<table>
<tr><th>Test</th><th># Passed</th><th># Skipped</th><th># Retried</th><th># Failed</th><th>Time (ms)</th><th>Included Groups</th><th>Excluded Groups</th></tr>
<tr><th colspan="8">Suite</th></tr>
<tr><td><a href="#t0">FirstTest</a></td><td class="num">8</td><td class="num">0</td><td class="num">0</td><td class="num attn">8</td><td class="num">374.881</td><td></td><td></td></tr>
</table>
<table id='summary'><thead><tr><th>Class</th><th>Method</th><th>Start</th><th>Time (ms)</th></tr></thead><tbody><tr><th colspan="4">Suite</th></tr></tbody><tbody id="t0"><tr><th colspan="4">FirstTest &#8212; failed</th></tr><tr class="failedeven"><td rowspan="3">Railway.BookTicketTest</td><td><a href="#m0">TC12</a></td><td rowspan="1">1771571302794</td><td rowspan="1">29178</td></tr><tr class="failedeven"><td><a href="#m1">TC13</a></td><td rowspan="1">1771571337769</td><td rowspan="1">18428</td></tr><tr class="failedeven"><td><a href="#m2">TC15</a></td><td rowspan="1">1771571412003</td><td rowspan="1">18353</td></tr><tr class="failedodd"><td rowspan="1">Railway.CancelBookingTest</td><td><a href="#m3">TC16</a></td><td rowspan="1">1771571445714</td><td rowspan="1">29922</td></tr><tr class="failedeven"><td rowspan="2">Railway.LoginTest</td><td><a href="#m4">TC03</a></td><td rowspan="1">1771571122650</td><td rowspan="1">2042</td></tr><tr class="failedeven"><td><a href="#m5">TC04</a></td><td rowspan="1">1771571128463</td><td rowspan="1">2032</td></tr><tr class="failedodd"><td rowspan="1">Railway.RegisterTest</td><td><a href="#m6">TC09</a></td><td rowspan="1">1771571208679</td><td rowspan="1">8264</td></tr><tr class="failedeven"><td rowspan="1">Railway.ResetPasswordTest</td><td><a href="#m7">TC10</a></td><td rowspan="1">1771571220701</td><td rowspan="1">44272</td></tr><tr><th colspan="4">FirstTest &#8212; passed</th></tr><tr class="passedeven"><td rowspan="1">Railway.BookTicketTest</td><td><a href="#m8">TC14</a></td><td rowspan="1">1771571375233</td><td rowspan="1">16940</td></tr><tr class="passedodd"><td rowspan="3">Railway.LoginTest</td><td><a href="#m9">TC01</a></td><td rowspan="1">1771571110235</td><td rowspan="1">2687</td></tr><tr class="passedodd"><td><a href="#m10">TC02</a></td><td rowspan="1">1771571116807</td><td rowspan="1">2184</td></tr><tr class="passedodd"><td><a href="#m11">TC05</a></td><td rowspan="1">1771571134163</td><td rowspan="1">9811</td></tr><tr class="passedeven"><td rowspan="1">Railway.LogoutTest</td><td><a href="#m12">TC06</a></td><td rowspan="1">1771571147610</td><td rowspan="1">4621</td></tr><tr class="passedodd"><td rowspan="2">Railway.RegisterTest</td><td><a href="#m13">TC07</a></td><td rowspan="1">1771571156009</td><td rowspan="1">31979</td></tr><tr class="passedodd"><td><a href="#m14">TC08</a></td><td rowspan="1">1771571192870</td><td rowspan="1">12151</td></tr><tr class="passedeven"><td rowspan="1">Railway.ResetPasswordTest</td><td><a href="#m15">TC11</a></td><td rowspan="1">1771571269470</td><td rowspan="1">22681</td></tr></tbody>
</table>
<h2>FirstTest</h2><h3 id="m0">Railway.BookTicketTest#TC12</h3><table class="result"><tr><th>Exception</th></tr><tr><td><div class="stacktrace">java.lang.AssertionError: Message is not displayed as expected expected [Ticket booked successfully!] but found [Book ticket]
	at Railway.BookTicketTest.TC12(BookTicketTest.java:53)
	at java.base/java.util.ArrayList.forEach(ArrayList.java:1604)
... Removed 30 stack frames</div></td></tr></table><p class="totop"><a href="#summary">back to summary</a></p>
<h3 id="m1">Railway.BookTicketTest#TC13</h3><table class="result"><tr><th>Exception</th></tr><tr><td><div class="stacktrace">org.openqa.selenium.StaleElementReferenceException: stale element reference: stale element not found
  (Session info: chrome=145.0.7632.76)
For documentation on this error, please visit: https://www.selenium.dev/documentation/webdriver/troubleshooting/errors#staleelementreferenceexception
Build info: version: &apos;4.40.0&apos;, revision: &apos;b3333f1&apos;
System info: os.name: &apos;Mac OS X&apos;, os.arch: &apos;aarch64&apos;, os.version: &apos;14.5&apos;, java.version: &apos;25.0.2&apos;
Driver info: org.openqa.selenium.chrome.ChromeDriver
Command: [93651c81cf032666cb97d648b279d92e, clickElement {id=f.C911F500B79CE293D972C2BE86CDBD0A.d.1BC6C984D3E6A5C5B07C0C02C1C5CE90.e.51}]
Capabilities {acceptInsecureCerts: false, browserName: chrome, browserVersion: 145.0.7632.76, chrome: {chromedriverVersion: 145.0.7632.77 (da516187054a..., userDataDir: /var/folders/9r/35qbwsxs5kj...}, fedcm:accounts: true, goog:chromeOptions: {debuggerAddress: localhost:52047}, goog:processID: 68468, networkConnectionEnabled: false, pageLoadStrategy: normal, platformName: mac, proxy: Proxy(), se:cdp: ws://localhost:52047/devtoo..., se:cdpVersion: 145.0.7632.76, setWindowRect: true, strictFileInteractability: false, timeouts: {implicit: 0, pageLoad: 300000, script: 30000}, unhandledPromptBehavior: dismiss and notify, webauthn:extension:credBlob: true, webauthn:extension:largeBlob: true, webauthn:extension:minPinLength: true, webauthn:extension:prf: true, webauthn:virtualAuthenticators: true}
Element: [[ChromeDriver: chrome on mac (93651c81cf032666cb97d648b279d92e)] -&gt; xpath: //div[@id=&apos;menu&apos;]//span[normalize-space()=&apos;Book ticket&apos;]]
Session ID: 93651c81cf032666cb97d648b279d92e
	at org.openqa.selenium.remote.ErrorCodec.decode(ErrorCodec.java:169)
	at org.openqa.selenium.remote.codec.w3c.W3CHttpResponseCodec.decode(W3CHttpResponseCodec.java:142)
	at org.openqa.selenium.remote.codec.w3c.W3CHttpResponseCodec.decode(W3CHttpResponseCodec.java:49)
	at org.openqa.selenium.remote.HttpCommandExecutor.execute(HttpCommandExecutor.java:223)
	at org.openqa.selenium.remote.service.DriverCommandExecutor.invokeExecute(DriverCommandExecutor.java:216)
	at org.openqa.selenium.remote.service.DriverCommandExecutor.execute(DriverCommandExecutor.java:174)
	at org.openqa.selenium.remote.RemoteWebDriver.execute(RemoteWebDriver.java:601)
	at org.openqa.selenium.remote.RemoteWebElement.execute(RemoteWebElement.java:223)
	at org.openqa.selenium.remote.RemoteWebElement.click(RemoteWebElement.java:76)
	at Common.Utilities.click(Utilities.java:52)
	at Railway.GeneralPage.clickTab(GeneralPage.java:15)
	at Railway.GeneralPage.gotoPage(GeneralPage.java:35)
	at Railway.BookTicketTest.TC13(BookTicketTest.java:101)
	at java.base/java.util.ArrayList.forEach(ArrayList.java:1604)
... Removed 25 stack frames</div></td></tr></table><p class="totop"><a href="#summary">back to summary</a></p>
<h3 id="m2">Railway.BookTicketTest#TC15</h3><table class="result"><tr><th>Exception</th></tr><tr><td><div class="stacktrace">java.lang.RuntimeException: System does not find date: 2/21/2026
	at Railway.BookTicketPage.selectDepartureDate(BookTicketPage.java:94)
	at Railway.BookTicketPage.bookTicket(BookTicketPage.java:149)
	at Railway.BookTicketTest.TC15(BookTicketTest.java:223)
	at java.base/java.util.ArrayList.forEach(ArrayList.java:1604)
... Removed 25 stack frames</div></td></tr></table><p class="totop"><a href="#summary">back to summary</a></p>
<h3 id="m3">Railway.CancelBookingTest#TC16</h3><table class="result"><tr><th>Exception</th></tr><tr><td><div class="stacktrace">java.lang.AssertionError: Ticket is not canceled as expected expected [false] but found [true]
	at Railway.CancelBookingTest.TC16(CancelBookingTest.java:48)
	at java.base/java.util.ArrayList.forEach(ArrayList.java:1604)
... Removed 28 stack frames</div></td></tr></table><p class="totop"><a href="#summary">back to summary</a></p>
<h3 id="m4">Railway.LoginTest#TC03</h3><table class="result"><tr><th>Exception</th></tr><tr><td><div class="stacktrace">java.lang.AssertionError: Error message is not displayed as expected expected [There was a problem with your login and/or errors exist in your form.] but found [Invalid username or password. Please try again.]
	at Railway.LoginTest.TC03(LoginTest.java:81)
	at java.base/java.util.ArrayList.forEach(ArrayList.java:1604)
... Removed 30 stack frames</div></td></tr></table><p class="totop"><a href="#summary">back to summary</a></p>
<h3 id="m5">Railway.LoginTest#TC04</h3><table class="result"><tr><th>Exception</th></tr><tr><td><div class="stacktrace">java.lang.AssertionError: Error message is not displayed as expected message 1 expected [Invalid username or password. Please try again] but found [There was a problem with your login and/or errors exist in your form.]
	at Railway.LoginTest.TC04(LoginTest.java:111)
	at java.base/java.util.ArrayList.forEach(ArrayList.java:1604)
... Removed 30 stack frames</div></td></tr></table><p class="totop"><a href="#summary">back to summary</a></p>
<h3 id="m6">Railway.RegisterTest#TC09</h3><table class="result"><tr><th>Exception</th></tr><tr><td><div class="stacktrace">java.lang.AssertionError: Success message did not shown expected [Thank you for registering your account] but found [Create account]
	at Railway.RegisterTest.TC09(RegisterTest.java:121)
	at java.base/java.util.ArrayList.forEach(ArrayList.java:1604)
... Removed 30 stack frames</div></td></tr></table><p class="totop"><a href="#summary">back to summary</a></p>
<h3 id="m7">Railway.ResetPasswordTest#TC10</h3><table class="result"><tr><th>Exception</th></tr><tr><td><div class="stacktrace">java.lang.AssertionError: Message is not displayed as expected expected [The new password cannot be the same with the current password] but found [Password changed! Click here to login.]
	at Railway.ResetPasswordTest.TC10(ResetPasswordTest.java:56)
	at java.base/java.util.ArrayList.forEach(ArrayList.java:1604)
... Removed 30 stack frames</div></td></tr></table><p class="totop"><a href="#summary">back to summary</a></p>
<h3 id="m8">Railway.BookTicketTest#TC14</h3><table class="result"><tr><th class="invisible"/></tr></table><p class="totop"><a href="#summary">back to summary</a></p>
<h3 id="m9">Railway.LoginTest#TC01</h3><table class="result"><tr><th class="invisible"/></tr></table><p class="totop"><a href="#summary">back to summary</a></p>
<h3 id="m10">Railway.LoginTest#TC02</h3><table class="result"><tr><th class="invisible"/></tr></table><p class="totop"><a href="#summary">back to summary</a></p>
<h3 id="m11">Railway.LoginTest#TC05</h3><table class="result"><tr><th class="invisible"/></tr></table><p class="totop"><a href="#summary">back to summary</a></p>
<h3 id="m12">Railway.LogoutTest#TC06</h3><table class="result"><tr><th class="invisible"/></tr></table><p class="totop"><a href="#summary">back to summary</a></p>
<h3 id="m13">Railway.RegisterTest#TC07</h3><table class="result"><tr><th class="invisible"/></tr></table><p class="totop"><a href="#summary">back to summary</a></p>
<h3 id="m14">Railway.RegisterTest#TC08</h3><table class="result"><tr><th class="invisible"/></tr></table><p class="totop"><a href="#summary">back to summary</a></p>
<h3 id="m15">Railway.ResetPasswordTest#TC11</h3><table class="result"><tr><th class="invisible"/></tr></table><p class="totop"><a href="#summary">back to summary</a></p>
</body>
</html>
