<?xml version="1.0" encoding="UTF-8"?>
<testng-results ignored="0" total="1" passed="1" failed="0" skipped="0">
  <reporter-output>
  </reporter-output>
  <suite started-at="2026-02-07T13:32:47 GMT+07:00" name="Default suite" finished-at="2026-02-07T13:33:00 GMT+07:00" duration-ms="13149">
    <groups>
    </groups>
    <test started-at="2026-02-07T13:32:47 GMT+07:00" name="Default test" finished-at="2026-02-07T13:33:00 GMT+07:00" duration-ms="13149">
      <class name="Railway.RegisterTest">
        <test-method is-config="true" signature="beforeMethod()[pri:0, instance:Railway.RegisterTest@3e58a80e]" started-at="2026-02-07T13:32:47 GMT+07:00" name="beforeMethod" finished-at="2026-02-07T13:32:51 GMT+07:00" duration-ms="4381" status="PASS">
          <reporter-output>
          </reporter-output>
        </test-method> <!-- beforeMethod -->
        <test-method signature="TC08()[pri:0, instance:Railway.RegisterTest@3e58a80e]" started-at="2026-02-07T13:32:51 GMT+07:00" name="TC08" finished-at="2026-02-07T13:33:00 GMT+07:00" duration-ms="8658" status="PASS">
          <reporter-output>
          </reporter-output>
        </test-method> <!-- TC08 -->
        <test-method is-config="true" signature="afterMethod()[pri:0, instance:Railway.RegisterTest@3e58a80e]" started-at="2026-02-07T13:33:00 GMT+07:00" name="afterMethod" finished-at="2026-02-07T13:33:00 GMT+07:00" duration-ms="92" status="PASS">
          <reporter-output>
          </reporter-output>
        </test-method> <!-- afterMethod -->
      </class> <!-- Railway.RegisterTest -->
    </test> <!-- Default test -->
  </suite> <!-- Default suite -->
</testng-results>
