<?xml version="1.0" encoding="UTF-8"?>
<testng-results ignored="0" total="1" passed="1" failed="0" skipped="0">
  <reporter-output>
  </reporter-output>
  <suite started-at="2026-02-03T16:42:49 GMT+07:00" name="Default suite" finished-at="2026-02-03T16:42:57 GMT+07:00" duration-ms="8135">
    <groups>
    </groups>
    <test started-at="2026-02-03T16:42:49 GMT+07:00" name="Default test" finished-at="2026-02-03T16:42:57 GMT+07:00" duration-ms="8135">
      <class name="Railway.LoginTest">
        <test-method is-config="true" signature="beforeMethod()[pri:0, instance:Railway.LoginTest@3d51f06e]" started-at="2026-02-03T16:42:49 GMT+07:00" name="beforeMethod" finished-at="2026-02-03T16:42:55 GMT+07:00" duration-ms="5391" status="PASS">
          <reporter-output>
          </reporter-output>
        </test-method> <!-- beforeMethod -->
        <test-method signature="TC01()[pri:0, instance:Railway.LoginTest@3d51f06e]" started-at="2026-02-03T16:42:55 GMT+07:00" name="TC01" finished-at="2026-02-03T16:42:57 GMT+07:00" duration-ms="2641" status="PASS">
          <reporter-output>
          </reporter-output>
        </test-method> <!-- TC01 -->
        <test-method is-config="true" signature="afterMethod()[pri:0, instance:Railway.LoginTest@3d51f06e]" started-at="2026-02-03T16:42:57 GMT+07:00" name="afterMethod" finished-at="2026-02-03T16:42:57 GMT+07:00" duration-ms="85" status="PASS">
          <reporter-output>
          </reporter-output>
        </test-method> <!-- afterMethod -->
      </class> <!-- Railway.LoginTest -->
    </test> <!-- Default test -->
  </suite> <!-- Default suite -->
</testng-results>
