<?xml version="1.0" encoding="UTF-8"?>
<testng-results ignored="0" total="1" passed="1" failed="0" skipped="0">
  <reporter-output>
  </reporter-output>
  <suite started-at="2026-02-06T12:26:05 GMT+07:00" name="Default suite" finished-at="2026-02-06T12:26:12 GMT+07:00" duration-ms="7561">
    <groups>
    </groups>
    <test started-at="2026-02-06T12:26:05 GMT+07:00" name="Default test" finished-at="2026-02-06T12:26:12 GMT+07:00" duration-ms="7561">
      <class name="Railway.RegisterTest">
        <test-method is-config="true" signature="beforeMethod()[pri:0, instance:Railway.RegisterTest@1fa268de]" started-at="2026-02-06T12:26:05 GMT+07:00" name="beforeMethod" finished-at="2026-02-06T12:26:10 GMT+07:00" duration-ms="5147" status="PASS">
          <reporter-output>
          </reporter-output>
        </test-method> <!-- beforeMethod -->
        <test-method signature="TC08()[pri:0, instance:Railway.RegisterTest@1fa268de]" started-at="2026-02-06T12:26:10 GMT+07:00" name="TC08" finished-at="2026-02-06T12:26:12 GMT+07:00" duration-ms="2310" status="PASS">
          <reporter-output>
          </reporter-output>
        </test-method> <!-- TC08 -->
        <test-method is-config="true" signature="afterMethod()[pri:0, instance:Railway.RegisterTest@1fa268de]" started-at="2026-02-06T12:26:12 GMT+07:00" name="afterMethod" finished-at="2026-02-06T12:26:12 GMT+07:00" duration-ms="85" status="PASS">
          <reporter-output>
          </reporter-output>
        </test-method> <!-- afterMethod -->
      </class> <!-- Railway.RegisterTest -->
    </test> <!-- Default test -->
  </suite> <!-- Default suite -->
</testng-results>
