<?xml version="1.0" encoding="UTF-8"?>
<testng-results ignored="0" total="1" passed="1" failed="0" skipped="0">
  <reporter-output>
  </reporter-output>
  <suite started-at="2026-02-07T23:53:18 GMT+07:00" name="Default suite" finished-at="2026-02-07T23:54:32 GMT+07:00" duration-ms="73148">
    <groups>
    </groups>
    <test started-at="2026-02-07T23:53:18 GMT+07:00" name="Default test" finished-at="2026-02-07T23:54:32 GMT+07:00" duration-ms="73148">
      <class name="Railway.RegisterTest">
        <test-method is-config="true" signature="beforeMethod()[pri:0, instance:Railway.RegisterTest@4a94ee4]" started-at="2026-02-07T23:53:18 GMT+07:00" name="beforeMethod" finished-at="2026-02-07T23:53:35 GMT+07:00" duration-ms="16483" status="PASS">
          <reporter-output>
          </reporter-output>
        </test-method> <!-- beforeMethod -->
        <test-method signature="TC11()[pri:0, instance:Railway.RegisterTest@4a94ee4]" started-at="2026-02-07T23:53:35 GMT+07:00" name="TC11" finished-at="2026-02-07T23:54:31 GMT+07:00" duration-ms="56501" status="PASS">
          <reporter-output>
          </reporter-output>
        </test-method> <!-- TC11 -->
        <test-method is-config="true" signature="afterMethod()[pri:0, instance:Railway.RegisterTest@4a94ee4]" started-at="2026-02-07T23:54:31 GMT+07:00" name="afterMethod" finished-at="2026-02-07T23:54:32 GMT+07:00" duration-ms="145" status="PASS">
          <reporter-output>
          </reporter-output>
        </test-method> <!-- afterMethod -->
      </class> <!-- Railway.RegisterTest -->
    </test> <!-- Default test -->
  </suite> <!-- Default suite -->
</testng-results>
